[2026-03-10 21:51:55] local.ERROR: Writing to /Users/kevinhitaj/.config/psysh/psysh_history is not allowed. {"exception":"[object] (ErrorException(code: 0): Writing to /Users/kevinhitaj/.config/psysh/psysh_history is not allowed. at /Users/kevinhitaj/Desktop/Projects/TOURS HENRI/vendor/psy/psysh/src/ConfigPaths.php:482)
[stacktrace]
#0 /Users/kevinhitaj/Desktop/Projects/TOURS HENRI/vendor/laravel/framework/src/Illuminate/Foundation/Bootstrap/HandleExceptions.php(258): Illuminate\\Foundation\\Bootstrap\\HandleExceptions->handleError(1024, 'Writing to /Use...', '/Users/kevinhit...', 482)
#1 [internal function]: Illuminate\\Foundation\\Bootstrap\\HandleExceptions->Illuminate\\Foundation\\Bootstrap\\{closure}(1024, 'Writing to /Use...', '/Users/kevinhit...', 482)
#2 /Users/kevinhitaj/Desktop/Projects/TOURS HENRI/vendor/psy/psysh/src/ConfigPaths.php(482): trigger_error('Writing to /Use...', 1024)
#3 /Users/kevinhitaj/Desktop/Projects/TOURS HENRI/vendor/psy/psysh/src/Configuration.php(969): Psy\\ConfigPaths::touchFileWithMkdir('/Users/kevinhit...')
#4 /Users/kevinhitaj/Desktop/Projects/TOURS HENRI/vendor/psy/psysh/src/Configuration.php(993): Psy\\Configuration->setHistoryFile('/Users/kevinhit...')
#5 /Users/kevinhitaj/Desktop/Projects/TOURS HENRI/vendor/psy/psysh/src/Configuration.php(1138): Psy\\Configuration->getHistoryFile()
#6 /Users/kevinhitaj/Desktop/Projects/TOURS HENRI/vendor/psy/psysh/src/Shell.php(173): Psy\\Configuration->getReadline()
#7 /Users/kevinhitaj/Desktop/Projects/TOURS HENRI/vendor/psy/psysh/src/Shell.php(1638): Psy\\Shell->boot()
#8 /Users/kevinhitaj/Desktop/Projects/TOURS HENRI/vendor/laravel/tinker/src/Console/TinkerCommand.php(77): Psy\\Shell->execute('\\n$t = App\\\\Model...')
#9 /Users/kevinhitaj/Desktop/Projects/TOURS HENRI/vendor/laravel/framework/src/Illuminate/Container/BoundMethod.php(36): Laravel\\Tinker\\Console\\TinkerCommand->handle()
#10 /Users/kevinhitaj/Desktop/Projects/TOURS HENRI/vendor/laravel/framework/src/Illuminate/Container/Util.php(43): Illuminate\\Container\\BoundMethod::Illuminate\\Container\\{closure}()
#11 /Users/kevinhitaj/Desktop/Projects/TOURS HENRI/vendor/laravel/framework/src/Illuminate/Container/BoundMethod.php(95): Illuminate\\Container\\Util::unwrapIfClosure(Object(Closure))
#12 /Users/kevinhitaj/Desktop/Projects/TOURS HENRI/vendor/laravel/framework/src/Illuminate/Container/BoundMethod.php(35): Illuminate\\Container\\BoundMethod::callBoundMethod(Object(Illuminate\\Foundation\\Application), Array, Object(Closure))
#13 /Users/kevinhitaj/Desktop/Projects/TOURS HENRI/vendor/laravel/framework/src/Illuminate/Container/Container.php(696): Illuminate\\Container\\BoundMethod::call(Object(Illuminate\\Foundation\\Application), Array, Array, NULL)
#14 /Users/kevinhitaj/Desktop/Projects/TOURS HENRI/vendor/laravel/framework/src/Illuminate/Console/Command.php(213): Illuminate\\Container\\Container->call(Array)
#15 /Users/kevinhitaj/Desktop/Projects/TOURS HENRI/vendor/symfony/console/Command/Command.php(341): Illuminate\\Console\\Command->execute(Object(Symfony\\Component\\Console\\Input\\ArgvInput), Object(Illuminate\\Console\\OutputStyle))
#16 /Users/kevinhitaj/Desktop/Projects/TOURS HENRI/vendor/laravel/framework/src/Illuminate/Console/Command.php(182): Symfony\\Component\\Console\\Command\\Command->run(Object(Symfony\\Component\\Console\\Input\\ArgvInput), Object(Illuminate\\Console\\OutputStyle))
#17 /Users/kevinhitaj/Desktop/Projects/TOURS HENRI/vendor/symfony/console/Application.php(1102): Illuminate\\Console\\Command->run(Object(Symfony\\Component\\Console\\Input\\ArgvInput), Object(Symfony\\Component\\Console\\Output\\ConsoleOutput))
#18 /Users/kevinhitaj/Desktop/Projects/TOURS HENRI/vendor/symfony/console/Application.php(356): Symfony\\Component\\Console\\Application->doRunCommand(Object(Laravel\\Tinker\\Console\\TinkerCommand), Object(Symfony\\Component\\Console\\Input\\ArgvInput), Object(Symfony\\Component\\Console\\Output\\ConsoleOutput))
#19 /Users/kevinhitaj/Desktop/Projects/TOURS HENRI/vendor/symfony/console/Application.php(195): Symfony\\Component\\Console\\Application->doRun(Object(Symfony\\Component\\Console\\Input\\ArgvInput), Object(Symfony\\Component\\Console\\Output\\ConsoleOutput))
#20 /Users/kevinhitaj/Desktop/Projects/TOURS HENRI/vendor/laravel/framework/src/Illuminate/Foundation/Console/Kernel.php(198): Symfony\\Component\\Console\\Application->run(Object(Symfony\\Component\\Console\\Input\\ArgvInput), Object(Symfony\\Component\\Console\\Output\\ConsoleOutput))
#21 /Users/kevinhitaj/Desktop/Projects/TOURS HENRI/vendor/laravel/framework/src/Illuminate/Foundation/Application.php(1235): Illuminate\\Foundation\\Console\\Kernel->handle(Object(Symfony\\Component\\Console\\Input\\ArgvInput), Object(Symfony\\Component\\Console\\Output\\ConsoleOutput))
#22 /Users/kevinhitaj/Desktop/Projects/TOURS HENRI/artisan(13): Illuminate\\Foundation\\Application->handleCommand(Object(Symfony\\Component\\Console\\Input\\ArgvInput))
#23 {main}
"} 
[2026-03-10 21:51:58] local.ERROR: Writing to /Users/kevinhitaj/.config/psysh/psysh_history is not allowed. {"exception":"[object] (ErrorException(code: 0): Writing to /Users/kevinhitaj/.config/psysh/psysh_history is not allowed. at /Users/kevinhitaj/Desktop/Projects/TOURS HENRI/vendor/psy/psysh/src/ConfigPaths.php:482)
[stacktrace]
#0 /Users/kevinhitaj/Desktop/Projects/TOURS HENRI/vendor/laravel/framework/src/Illuminate/Foundation/Bootstrap/HandleExceptions.php(258): Illuminate\\Foundation\\Bootstrap\\HandleExceptions->handleError(1024, 'Writing to /Use...', '/Users/kevinhit...', 482)
#1 [internal function]: Illuminate\\Foundation\\Bootstrap\\HandleExceptions->Illuminate\\Foundation\\Bootstrap\\{closure}(1024, 'Writing to /Use...', '/Users/kevinhit...', 482)
#2 /Users/kevinhitaj/Desktop/Projects/TOURS HENRI/vendor/psy/psysh/src/ConfigPaths.php(482): trigger_error('Writing to /Use...', 1024)
#3 /Users/kevinhitaj/Desktop/Projects/TOURS HENRI/vendor/psy/psysh/src/Configuration.php(969): Psy\\ConfigPaths::touchFileWithMkdir('/Users/kevinhit...')
#4 /Users/kevinhitaj/Desktop/Projects/TOURS HENRI/vendor/psy/psysh/src/Configuration.php(993): Psy\\Configuration->setHistoryFile('/Users/kevinhit...')
#5 /Users/kevinhitaj/Desktop/Projects/TOURS HENRI/vendor/psy/psysh/src/Configuration.php(1138): Psy\\Configuration->getHistoryFile()
#6 /Users/kevinhitaj/Desktop/Projects/TOURS HENRI/vendor/psy/psysh/src/Shell.php(173): Psy\\Configuration->getReadline()
#7 /Users/kevinhitaj/Desktop/Projects/TOURS HENRI/vendor/psy/psysh/src/Shell.php(1638): Psy\\Shell->boot()
#8 /Users/kevinhitaj/Desktop/Projects/TOURS HENRI/vendor/laravel/tinker/src/Console/TinkerCommand.php(77): Psy\\Shell->execute('echo App\\\\Models...')
#9 /Users/kevinhitaj/Desktop/Projects/TOURS HENRI/vendor/laravel/framework/src/Illuminate/Container/BoundMethod.php(36): Laravel\\Tinker\\Console\\TinkerCommand->handle()
#10 /Users/kevinhitaj/Desktop/Projects/TOURS HENRI/vendor/laravel/framework/src/Illuminate/Container/Util.php(43): Illuminate\\Container\\BoundMethod::Illuminate\\Container\\{closure}()
#11 /Users/kevinhitaj/Desktop/Projects/TOURS HENRI/vendor/laravel/framework/src/Illuminate/Container/BoundMethod.php(95): Illuminate\\Container\\Util::unwrapIfClosure(Object(Closure))
#12 /Users/kevinhitaj/Desktop/Projects/TOURS HENRI/vendor/laravel/framework/src/Illuminate/Container/BoundMethod.php(35): Illuminate\\Container\\BoundMethod::callBoundMethod(Object(Illuminate\\Foundation\\Application), Array, Object(Closure))
#13 /Users/kevinhitaj/Desktop/Projects/TOURS HENRI/vendor/laravel/framework/src/Illuminate/Container/Container.php(696): Illuminate\\Container\\BoundMethod::call(Object(Illuminate\\Foundation\\Application), Array, Array, NULL)
#14 /Users/kevinhitaj/Desktop/Projects/TOURS HENRI/vendor/laravel/framework/src/Illuminate/Console/Command.php(213): Illuminate\\Container\\Container->call(Array)
#15 /Users/kevinhitaj/Desktop/Projects/TOURS HENRI/vendor/symfony/console/Command/Command.php(341): Illuminate\\Console\\Command->execute(Object(Symfony\\Component\\Console\\Input\\ArgvInput), Object(Illuminate\\Console\\OutputStyle))
#16 /Users/kevinhitaj/Desktop/Projects/TOURS HENRI/vendor/laravel/framework/src/Illuminate/Console/Command.php(182): Symfony\\Component\\Console\\Command\\Command->run(Object(Symfony\\Component\\Console\\Input\\ArgvInput), Object(Illuminate\\Console\\OutputStyle))
#17 /Users/kevinhitaj/Desktop/Projects/TOURS HENRI/vendor/symfony/console/Application.php(1102): Illuminate\\Console\\Command->run(Object(Symfony\\Component\\Console\\Input\\ArgvInput), Object(Symfony\\Component\\Console\\Output\\ConsoleOutput))
#18 /Users/kevinhitaj/Desktop/Projects/TOURS HENRI/vendor/symfony/console/Application.php(356): Symfony\\Component\\Console\\Application->doRunCommand(Object(Laravel\\Tinker\\Console\\TinkerCommand), Object(Symfony\\Component\\Console\\Input\\ArgvInput), Object(Symfony\\Component\\Console\\Output\\ConsoleOutput))
#19 /Users/kevinhitaj/Desktop/Projects/TOURS HENRI/vendor/symfony/console/Application.php(195): Symfony\\Component\\Console\\Application->doRun(Object(Symfony\\Component\\Console\\Input\\ArgvInput), Object(Symfony\\Component\\Console\\Output\\ConsoleOutput))
#20 /Users/kevinhitaj/Desktop/Projects/TOURS HENRI/vendor/laravel/framework/src/Illuminate/Foundation/Console/Kernel.php(198): Symfony\\Component\\Console\\Application->run(Object(Symfony\\Component\\Console\\Input\\ArgvInput), Object(Symfony\\Component\\Console\\Output\\ConsoleOutput))
#21 /Users/kevinhitaj/Desktop/Projects/TOURS HENRI/vendor/laravel/framework/src/Illuminate/Foundation/Application.php(1235): Illuminate\\Foundation\\Console\\Kernel->handle(Object(Symfony\\Component\\Console\\Input\\ArgvInput), Object(Symfony\\Component\\Console\\Output\\ConsoleOutput))
#22 /Users/kevinhitaj/Desktop/Projects/TOURS HENRI/artisan(13): Illuminate\\Foundation\\Application->handleCommand(Object(Symfony\\Component\\Console\\Input\\ArgvInput))
#23 {main}
"} 
[2026-03-10 21:52:19] local.ERROR: Writing to /Users/kevinhitaj/.config/psysh/psysh_history is not allowed. {"exception":"[object] (ErrorException(code: 0): Writing to /Users/kevinhitaj/.config/psysh/psysh_history is not allowed. at /Users/kevinhitaj/Desktop/Projects/TOURS HENRI/vendor/psy/psysh/src/ConfigPaths.php:482)
[stacktrace]
#0 /Users/kevinhitaj/Desktop/Projects/TOURS HENRI/vendor/laravel/framework/src/Illuminate/Foundation/Bootstrap/HandleExceptions.php(258): Illuminate\\Foundation\\Bootstrap\\HandleExceptions->handleError(1024, 'Writing to /Use...', '/Users/kevinhit...', 482)
#1 [internal function]: Illuminate\\Foundation\\Bootstrap\\HandleExceptions->Illuminate\\Foundation\\Bootstrap\\{closure}(1024, 'Writing to /Use...', '/Users/kevinhit...', 482)
#2 /Users/kevinhitaj/Desktop/Projects/TOURS HENRI/vendor/psy/psysh/src/ConfigPaths.php(482): trigger_error('Writing to /Use...', 1024)
#3 /Users/kevinhitaj/Desktop/Projects/TOURS HENRI/vendor/psy/psysh/src/Configuration.php(969): Psy\\ConfigPaths::touchFileWithMkdir('/Users/kevinhit...')
#4 /Users/kevinhitaj/Desktop/Projects/TOURS HENRI/vendor/psy/psysh/src/Configuration.php(993): Psy\\Configuration->setHistoryFile('/Users/kevinhit...')
#5 /Users/kevinhitaj/Desktop/Projects/TOURS HENRI/vendor/psy/psysh/src/Configuration.php(1138): Psy\\Configuration->getHistoryFile()
#6 /Users/kevinhitaj/Desktop/Projects/TOURS HENRI/vendor/psy/psysh/src/Shell.php(173): Psy\\Configuration->getReadline()
#7 /Users/kevinhitaj/Desktop/Projects/TOURS HENRI/vendor/psy/psysh/src/Shell.php(1638): Psy\\Shell->boot()
#8 /Users/kevinhitaj/Desktop/Projects/TOURS HENRI/vendor/laravel/tinker/src/Console/TinkerCommand.php(77): Psy\\Shell->execute('\\nApp\\\\Models\\\\Tou...')
#9 /Users/kevinhitaj/Desktop/Projects/TOURS HENRI/vendor/laravel/framework/src/Illuminate/Container/BoundMethod.php(36): Laravel\\Tinker\\Console\\TinkerCommand->handle()
#10 /Users/kevinhitaj/Desktop/Projects/TOURS HENRI/vendor/laravel/framework/src/Illuminate/Container/Util.php(43): Illuminate\\Container\\BoundMethod::Illuminate\\Container\\{closure}()
#11 /Users/kevinhitaj/Desktop/Projects/TOURS HENRI/vendor/laravel/framework/src/Illuminate/Container/BoundMethod.php(95): Illuminate\\Container\\Util::unwrapIfClosure(Object(Closure))
#12 /Users/kevinhitaj/Desktop/Projects/TOURS HENRI/vendor/laravel/framework/src/Illuminate/Container/BoundMethod.php(35): Illuminate\\Container\\BoundMethod::callBoundMethod(Object(Illuminate\\Foundation\\Application), Array, Object(Closure))
#13 /Users/kevinhitaj/Desktop/Projects/TOURS HENRI/vendor/laravel/framework/src/Illuminate/Container/Container.php(696): Illuminate\\Container\\BoundMethod::call(Object(Illuminate\\Foundation\\Application), Array, Array, NULL)
#14 /Users/kevinhitaj/Desktop/Projects/TOURS HENRI/vendor/laravel/framework/src/Illuminate/Console/Command.php(213): Illuminate\\Container\\Container->call(Array)
#15 /Users/kevinhitaj/Desktop/Projects/TOURS HENRI/vendor/symfony/console/Command/Command.php(341): Illuminate\\Console\\Command->execute(Object(Symfony\\Component\\Console\\Input\\ArgvInput), Object(Illuminate\\Console\\OutputStyle))
#16 /Users/kevinhitaj/Desktop/Projects/TOURS HENRI/vendor/laravel/framework/src/Illuminate/Console/Command.php(182): Symfony\\Component\\Console\\Command\\Command->run(Object(Symfony\\Component\\Console\\Input\\ArgvInput), Object(Illuminate\\Console\\OutputStyle))
#17 /Users/kevinhitaj/Desktop/Projects/TOURS HENRI/vendor/symfony/console/Application.php(1102): Illuminate\\Console\\Command->run(Object(Symfony\\Component\\Console\\Input\\ArgvInput), Object(Symfony\\Component\\Console\\Output\\ConsoleOutput))
#18 /Users/kevinhitaj/Desktop/Projects/TOURS HENRI/vendor/symfony/console/Application.php(356): Symfony\\Component\\Console\\Application->doRunCommand(Object(Laravel\\Tinker\\Console\\TinkerCommand), Object(Symfony\\Component\\Console\\Input\\ArgvInput), Object(Symfony\\Component\\Console\\Output\\ConsoleOutput))
#19 /Users/kevinhitaj/Desktop/Projects/TOURS HENRI/vendor/symfony/console/Application.php(195): Symfony\\Component\\Console\\Application->doRun(Object(Symfony\\Component\\Console\\Input\\ArgvInput), Object(Symfony\\Component\\Console\\Output\\ConsoleOutput))
#20 /Users/kevinhitaj/Desktop/Projects/TOURS HENRI/vendor/laravel/framework/src/Illuminate/Foundation/Console/Kernel.php(198): Symfony\\Component\\Console\\Application->run(Object(Symfony\\Component\\Console\\Input\\ArgvInput), Object(Symfony\\Component\\Console\\Output\\ConsoleOutput))
#21 /Users/kevinhitaj/Desktop/Projects/TOURS HENRI/vendor/laravel/framework/src/Illuminate/Foundation/Application.php(1235): Illuminate\\Foundation\\Console\\Kernel->handle(Object(Symfony\\Component\\Console\\Input\\ArgvInput), Object(Symfony\\Component\\Console\\Output\\ConsoleOutput))
#22 /Users/kevinhitaj/Desktop/Projects/TOURS HENRI/artisan(13): Illuminate\\Foundation\\Application->handleCommand(Object(Symfony\\Component\\Console\\Input\\ArgvInput))
#23 {main}
"} 
